[debug] [2018-04-11T14:20:52.362Z] ----------------------------------------------------------------------
[debug] [2018-04-11T14:20:52.365Z] Command:       C:\Program Files\nodejs\node.exe C:\Users\SevillAnthonyy\AppData\Roaming\npm\node_modules\firebase-tools\bin\firebase serve
[debug] [2018-04-11T14:20:52.366Z] CLI Version:   3.18.2
[debug] [2018-04-11T14:20:52.366Z] Platform:      win32
[debug] [2018-04-11T14:20:52.366Z] Node Version:  v8.9.4
[debug] [2018-04-11T14:20:52.367Z] Time:          Wed Apr 11 2018 22:20:52 GMT+0800 (China Standard Time)
[debug] [2018-04-11T14:20:52.367Z] ----------------------------------------------------------------------
[debug] 
[debug] [2018-04-11T14:20:52.389Z] > command requires scopes: ["email","openid","https://www.googleapis.com/auth/cloudplatformprojects.readonly","https://www.googleapis.com/auth/firebase","https://www.googleapis.com/auth/cloud-platform"]
[debug] [2018-04-11T14:20:52.391Z] > authorizing via signed-in user
[debug] [2018-04-11T14:20:52.397Z] >>> HTTP REQUEST GET https://admin.firebase.com/v1/projects/project-pispis  
  
 Wed Apr 11 2018 22:20:52 GMT+0800 (China Standard Time)
[debug] [2018-04-11T14:20:53.898Z] <<< HTTP RESPONSE 200
[debug] [2018-04-11T14:20:53.899Z] >>> HTTP REQUEST GET https://admin.firebase.com/v1/database/project-pispis/tokens  
  
 Wed Apr 11 2018 22:20:53 GMT+0800 (China Standard Time)
[debug] [2018-04-11T14:20:54.973Z] <<< HTTP RESPONSE 200
[debug] [2018-04-11T14:20:54.974Z] >>> HTTP REQUEST GET https://cloudresourcemanager.googleapis.com/v1/projects/project-pispis  
  
 Wed Apr 11 2018 22:20:54 GMT+0800 (China Standard Time)
[debug] [2018-04-11T14:20:56.964Z] <<< HTTP RESPONSE 200
[info] 
[info] === Serving from 'C:\Users\SevillAnthonyy\Documents\GitHub\project-pispis-angular'...
[info] 
[info] i  functions: Preparing to emulate functions.
[debug] [2018-04-11T14:20:58.142Z] Fetching environment
[debug] [2018-04-11T14:20:58.146Z] >>> HTTP REQUEST GET https://mobilesdk-pa.googleapis.com/v1/projects/538589836499:getServerAppConfig  
  
 Wed Apr 11 2018 22:20:58 GMT+0800 (China Standard Time)
[debug] [2018-04-11T14:20:58.147Z] >>> HTTP REQUEST GET https://mobilesdk-pa.googleapis.com/v1/projects/538589836499/clients/_:getWebAppConfig  
  
 Wed Apr 11 2018 22:20:58 GMT+0800 (China Standard Time)
[debug] [2018-04-11T14:21:02.123Z] <<< HTTP RESPONSE 200
[debug] [2018-04-11T14:21:02.123Z] Starting @google-cloud/functions-emulator
[debug] [2018-04-11T14:21:02.938Z] <<< HTTP RESPONSE 200
[info] i  hosting: Serving hosting files from: dist
[info] +  hosting: Local server: http://localhost:5000

[debug] [2018-04-11T14:21:05.911Z] Parsing function triggers
[info] +  functions: ssrap: http://localhost:5001/project-pispis/us-central1/ssrap
